<?xml version="1.0" encoding="UTF-8"?>
<!-- Generated by org.testng.reporters.JUnitXMLReporter -->
<testsuite ignored="0" hostname="facu" failures="0" tests="6" name="Test" time="50.377" errors="0" timestamp="2023-05-26T13:02:19 ART">
  <testcase classname="com.selenium.test.TestWiki" name="ValidarBusquedaWikilistas" time="4.402"/>
  <testcase classname="com.selenium.test.TestWiki" name="ValidarBusquedaWikilistas" time="4.52"/>
  <testcase classname="com.selenium.test.TestWiki" name="ValidarBusquedaWikilistas" time="4.557"/>
  <testcase classname="com.selenium.test.TestWiki" name="ValidarBusquedaWikipedia" time="4.249"/>
  <testcase classname="com.selenium.test.TestWiki" name="ValidarBusquedaWikipedia" time="4.023"/>
  <testcase classname="com.selenium.test.TestWiki" name="ValidarBusquedaWikipedia" time="4.23"/>
</testsuite> <!-- Test -->
