<?xml version="1.0" encoding="UTF-8"?>
<!-- Generated by org.testng.reporters.JUnitXMLReporter -->
<testsuite ignored="0" hostname="facu" failures="0" tests="3" name="Test" time="70.198" errors="0" timestamp="2023-05-31T20:23:17 ART">
  <testcase classname="com.selenium.test.TestDespegar" name="validarDespegar" time="20.557"/>
  <testcase classname="com.selenium.test.TestDespegar" name="validarDespegar" time="12.857"/>
  <testcase classname="com.selenium.test.TestDespegar" name="validarDespegar" time="13.539"/>
</testsuite> <!-- Test -->
