<?xml version="1.0" encoding="UTF-8"?>
<!-- Generated by org.testng.reporters.JUnitXMLReporter -->
<testsuite ignored="0" hostname="facu" failures="0" tests="3" name="Test" time="14.142" errors="0" timestamp="2023-05-31T19:49:06 ART">
  <testcase classname="com.selenium.test.TestGoogle" name="validarGoogle" time="2.74"/>
  <testcase classname="com.selenium.test.TestGoogle" name="validarGoogle" time="1.739"/>
  <testcase classname="com.selenium.test.TestGoogle" name="validarGoogle" time="2.055"/>
</testsuite> <!-- Test -->
