<?xml version="1.0" encoding="UTF-8"?>
<testng-results ignored="0" total="3" passed="3" failed="0" skipped="0">
  <reporter-output>
    <line>
      <![CDATA[Abro browser]]>
    </line>
    <line>
      <![CDATA[Cerramos el login a la pagina]]>
    </line>
    <line>
      <![CDATA[Aceptamos  las Cookies.]]>
    </line>
    <line>
      <![CDATA[Ingresamos el destino: Buenos Aires, Argentina]]>
    </line>
    <line>
      <![CDATA[Ingresamos el destino:San Carlos de Bariloche, Rio Negro, Argentina]]>
    </line>
    <line>
      <![CDATA[Seleccionamos la fecha de ida: 2023-06-33]]>
    </line>
    <line>
      <![CDATA[2023-07]]>
    </line>
    <line>
      <![CDATA[Seleccionamos la fecha de vuelta:2023-07-2]]>
    </line>
    <line>
      <![CDATA[Aceptamos]]>
    </line>
    <line>
      <![CDATA[Clickeamos el boton Buscar]]>
    </line>
    <line>
      <![CDATA[Los resultados de la busqueda se realizaron de forma exitosa!]]>
    </line>
    <line>
      <![CDATA[Cerramos el Browser correctamente.]]>
    </line>
    <line>
      <![CDATA[Fin CP.]]>
    </line>
    <line>
      <![CDATA[Abro browser]]>
    </line>
    <line>
      <![CDATA[Cerramos el login a la pagina]]>
    </line>
    <line>
      <![CDATA[Aceptamos  las Cookies.]]>
    </line>
    <line>
      <![CDATA[Ingresamos el destino: Buenos Aires, Argentina]]>
    </line>
    <line>
      <![CDATA[Ingresamos el destino:Villa Carlos Paz, Córdoba, Argentina]]>
    </line>
    <line>
      <![CDATA[Seleccionamos la fecha de ida: 2023-06-33]]>
    </line>
    <line>
      <![CDATA[2023-07]]>
    </line>
    <line>
      <![CDATA[Seleccionamos la fecha de vuelta:2023-07-2]]>
    </line>
    <line>
      <![CDATA[Aceptamos]]>
    </line>
    <line>
      <![CDATA[Clickeamos el boton Buscar]]>
    </line>
    <line>
      <![CDATA[Los resultados de la busqueda se realizaron de forma exitosa!]]>
    </line>
    <line>
      <![CDATA[Cerramos el Browser correctamente.]]>
    </line>
    <line>
      <![CDATA[Fin CP.]]>
    </line>
    <line>
      <![CDATA[Abro browser]]>
    </line>
    <line>
      <![CDATA[Cerramos el login a la pagina]]>
    </line>
    <line>
      <![CDATA[Aceptamos  las Cookies.]]>
    </line>
    <line>
      <![CDATA[Ingresamos el destino: Buenos Aires, Argentina]]>
    </line>
    <line>
      <![CDATA[Ingresamos el destino:Villa La Angostura, Neuquén, Argentina]]>
    </line>
    <line>
      <![CDATA[Seleccionamos la fecha de ida: 2023-06-33]]>
    </line>
    <line>
      <![CDATA[2023-07]]>
    </line>
    <line>
      <![CDATA[Seleccionamos la fecha de vuelta:2023-07-2]]>
    </line>
    <line>
      <![CDATA[Aceptamos]]>
    </line>
    <line>
      <![CDATA[Clickeamos el boton Buscar]]>
    </line>
    <line>
      <![CDATA[Los resultados de la busqueda se realizaron de forma exitosa!]]>
    </line>
    <line>
      <![CDATA[Cerramos el Browser correctamente.]]>
    </line>
    <line>
      <![CDATA[Fin CP.]]>
    </line>
  </reporter-output>
  <suite started-at="2023-05-31T20:22:07 ART" name="Suite" finished-at="2023-05-31T20:23:17 ART" duration-ms="70198">
    <groups>
    </groups>
    <test started-at="2023-05-31T20:22:07 ART" name="Test" finished-at="2023-05-31T20:23:17 ART" duration-ms="70198">
      <class name="com.selenium.test.TestDespegar">
        <test-method is-config="true" signature="abrirBrowser(org.testng.ITestContext)[pri:0, instance:com.selenium.test.TestDespegar@43dac38f]" started-at="2023-05-31T20:22:07 ART" name="abrirBrowser" finished-at="2023-05-31T20:22:15 ART" duration-ms="7929" status="PASS">
          <params>
            <param index="0">
              <value>
                <![CDATA[org.testng.TestRunner@b34832b]]>
              </value>
            </param>
          </params>
          <reporter-output>
            <line>
              <![CDATA[Abro browser]]>
            </line>
          </reporter-output>
        </test-method> <!-- abrirBrowser -->
        <test-method signature="validarDespegar(java.lang.String,java.lang.String,int,int)[pri:0, instance:com.selenium.test.TestDespegar@43dac38f]" started-at="2023-05-31T20:22:15 ART" name="validarDespegar" description="Buscar paquetes en Despegar.com" data-provider="datos" finished-at="2023-05-31T20:22:35 ART" duration-ms="20557" status="PASS">
          <params>
            <param index="0">
              <value>
                <![CDATA[Buenos Aires, Argentina]]>
              </value>
            </param>
            <param index="1">
              <value>
                <![CDATA[San Carlos de Bariloche, Rio Negro, Argentina]]>
              </value>
            </param>
            <param index="2">
              <value>
                <![CDATA[2]]>
              </value>
            </param>
            <param index="3">
              <value>
                <![CDATA[2]]>
              </value>
            </param>
          </params>
          <reporter-output>
            <line>
              <![CDATA[Cerramos el login a la pagina]]>
            </line>
            <line>
              <![CDATA[Aceptamos  las Cookies.]]>
            </line>
            <line>
              <![CDATA[Ingresamos el destino: Buenos Aires, Argentina]]>
            </line>
            <line>
              <![CDATA[Ingresamos el destino:San Carlos de Bariloche, Rio Negro, Argentina]]>
            </line>
            <line>
              <![CDATA[Seleccionamos la fecha de ida: 2023-06-33]]>
            </line>
            <line>
              <![CDATA[2023-07]]>
            </line>
            <line>
              <![CDATA[Seleccionamos la fecha de vuelta:2023-07-2]]>
            </line>
            <line>
              <![CDATA[Aceptamos]]>
            </line>
            <line>
              <![CDATA[Clickeamos el boton Buscar]]>
            </line>
            <line>
              <![CDATA[Los resultados de la busqueda se realizaron de forma exitosa!]]>
            </line>
          </reporter-output>
        </test-method> <!-- validarDespegar -->
        <test-method is-config="true" signature="cerrarBrowser()[pri:0, instance:com.selenium.test.TestDespegar@43dac38f]" started-at="2023-05-31T20:22:35 ART" name="cerrarBrowser" finished-at="2023-05-31T20:22:35 ART" duration-ms="253" status="PASS">
          <reporter-output>
            <line>
              <![CDATA[Cerramos el Browser correctamente.]]>
            </line>
            <line>
              <![CDATA[Fin CP.]]>
            </line>
          </reporter-output>
        </test-method> <!-- cerrarBrowser -->
        <test-method is-config="true" signature="abrirBrowser(org.testng.ITestContext)[pri:0, instance:com.selenium.test.TestDespegar@43dac38f]" started-at="2023-05-31T20:22:35 ART" name="abrirBrowser" finished-at="2023-05-31T20:22:43 ART" duration-ms="7307" status="PASS">
          <params>
            <param index="0">
              <value>
                <![CDATA[org.testng.TestRunner@b34832b]]>
              </value>
            </param>
          </params>
          <reporter-output>
            <line>
              <![CDATA[Abro browser]]>
            </line>
          </reporter-output>
        </test-method> <!-- abrirBrowser -->
        <test-method signature="validarDespegar(java.lang.String,java.lang.String,int,int)[pri:0, instance:com.selenium.test.TestDespegar@43dac38f]" started-at="2023-05-31T20:22:43 ART" name="validarDespegar" description="Buscar paquetes en Despegar.com" data-provider="datos" finished-at="2023-05-31T20:22:56 ART" duration-ms="12857" status="PASS">
          <params>
            <param index="0">
              <value>
                <![CDATA[Buenos Aires, Argentina]]>
              </value>
            </param>
            <param index="1">
              <value>
                <![CDATA[Villa Carlos Paz, Córdoba, Argentina]]>
              </value>
            </param>
            <param index="2">
              <value>
                <![CDATA[2]]>
              </value>
            </param>
            <param index="3">
              <value>
                <![CDATA[2]]>
              </value>
            </param>
          </params>
          <reporter-output>
            <line>
              <![CDATA[Cerramos el login a la pagina]]>
            </line>
            <line>
              <![CDATA[Aceptamos  las Cookies.]]>
            </line>
            <line>
              <![CDATA[Ingresamos el destino: Buenos Aires, Argentina]]>
            </line>
            <line>
              <![CDATA[Ingresamos el destino:Villa Carlos Paz, Córdoba, Argentina]]>
            </line>
            <line>
              <![CDATA[Seleccionamos la fecha de ida: 2023-06-33]]>
            </line>
            <line>
              <![CDATA[2023-07]]>
            </line>
            <line>
              <![CDATA[Seleccionamos la fecha de vuelta:2023-07-2]]>
            </line>
            <line>
              <![CDATA[Aceptamos]]>
            </line>
            <line>
              <![CDATA[Clickeamos el boton Buscar]]>
            </line>
            <line>
              <![CDATA[Los resultados de la busqueda se realizaron de forma exitosa!]]>
            </line>
          </reporter-output>
        </test-method> <!-- validarDespegar -->
        <test-method is-config="true" signature="cerrarBrowser()[pri:0, instance:com.selenium.test.TestDespegar@43dac38f]" started-at="2023-05-31T20:22:56 ART" name="cerrarBrowser" finished-at="2023-05-31T20:22:56 ART" duration-ms="187" status="PASS">
          <reporter-output>
            <line>
              <![CDATA[Cerramos el Browser correctamente.]]>
            </line>
            <line>
              <![CDATA[Fin CP.]]>
            </line>
          </reporter-output>
        </test-method> <!-- cerrarBrowser -->
        <test-method is-config="true" signature="abrirBrowser(org.testng.ITestContext)[pri:0, instance:com.selenium.test.TestDespegar@43dac38f]" started-at="2023-05-31T20:22:56 ART" name="abrirBrowser" finished-at="2023-05-31T20:23:03 ART" duration-ms="7288" status="PASS">
          <params>
            <param index="0">
              <value>
                <![CDATA[org.testng.TestRunner@b34832b]]>
              </value>
            </param>
          </params>
          <reporter-output>
            <line>
              <![CDATA[Abro browser]]>
            </line>
          </reporter-output>
        </test-method> <!-- abrirBrowser -->
        <test-method signature="validarDespegar(java.lang.String,java.lang.String,int,int)[pri:0, instance:com.selenium.test.TestDespegar@43dac38f]" started-at="2023-05-31T20:23:03 ART" name="validarDespegar" description="Buscar paquetes en Despegar.com" data-provider="datos" finished-at="2023-05-31T20:23:17 ART" duration-ms="13539" status="PASS">
          <params>
            <param index="0">
              <value>
                <![CDATA[Buenos Aires, Argentina]]>
              </value>
            </param>
            <param index="1">
              <value>
                <![CDATA[Villa La Angostura, Neuquén, Argentina]]>
              </value>
            </param>
            <param index="2">
              <value>
                <![CDATA[2]]>
              </value>
            </param>
            <param index="3">
              <value>
                <![CDATA[2]]>
              </value>
            </param>
          </params>
          <reporter-output>
            <line>
              <![CDATA[Cerramos el login a la pagina]]>
            </line>
            <line>
              <![CDATA[Aceptamos  las Cookies.]]>
            </line>
            <line>
              <![CDATA[Ingresamos el destino: Buenos Aires, Argentina]]>
            </line>
            <line>
              <![CDATA[Ingresamos el destino:Villa La Angostura, Neuquén, Argentina]]>
            </line>
            <line>
              <![CDATA[Seleccionamos la fecha de ida: 2023-06-33]]>
            </line>
            <line>
              <![CDATA[2023-07]]>
            </line>
            <line>
              <![CDATA[Seleccionamos la fecha de vuelta:2023-07-2]]>
            </line>
            <line>
              <![CDATA[Aceptamos]]>
            </line>
            <line>
              <![CDATA[Clickeamos el boton Buscar]]>
            </line>
            <line>
              <![CDATA[Los resultados de la busqueda se realizaron de forma exitosa!]]>
            </line>
          </reporter-output>
        </test-method> <!-- validarDespegar -->
        <test-method is-config="true" signature="cerrarBrowser()[pri:0, instance:com.selenium.test.TestDespegar@43dac38f]" started-at="2023-05-31T20:23:17 ART" name="cerrarBrowser" finished-at="2023-05-31T20:23:17 ART" duration-ms="239" status="PASS">
          <reporter-output>
            <line>
              <![CDATA[Cerramos el Browser correctamente.]]>
            </line>
            <line>
              <![CDATA[Fin CP.]]>
            </line>
          </reporter-output>
        </test-method> <!-- cerrarBrowser -->
      </class> <!-- com.selenium.test.TestDespegar -->
    </test> <!-- Test -->
  </suite> <!-- Suite -->
</testng-results>
